<?xml version="1.0" encoding="UTF-8"?>
<!-- Generated by org.testng.reporters.JUnitXMLReporter -->
<testsuite hostname="Admin-PC" name="Test" tests="3" failures="3" timestamp="31 May 2018 17:22:18 GMT" time="43.249" errors="0">
  <testcase name="failTest" time="0.021" classname="TestNGProject.TestNG.TestNGClass">
    <failure type="java.lang.AssertionError" message="expected [true] but found [false]">
      <![CDATA[java.lang.AssertionError: expected [true] but found [false]
	at TestNGProject.TestNG.TestNGClass.failTest(TestNGClass.java:77)
... Removed 28 stack frames]]>
    </failure>
  </testcase> <!-- failTest -->
  <testcase name="failTest" time="0.002" classname="TestNGProject.TestNG.TestNGClass">
    <failure type="java.lang.AssertionError" message="expected [true] but found [false]">
      <![CDATA[java.lang.AssertionError: expected [true] but found [false]
	at TestNGProject.TestNG.TestNGClass.failTest(TestNGClass.java:77)
... Removed 28 stack frames]]>
    </failure>
  </testcase> <!-- failTest -->
  <testcase name="failTest" time="0.002" classname="TestNGProject.TestNG.TestNGClass">
    <failure type="java.lang.AssertionError" message="expected [true] but found [false]">
      <![CDATA[java.lang.AssertionError: expected [true] but found [false]
	at TestNGProject.TestNG.TestNGClass.failTest(TestNGClass.java:77)
... Removed 28 stack frames]]>
    </failure>
  </testcase> <!-- failTest -->
</testsuite> <!-- Test -->
